#
# A fatal error has been detected by the Java Runtime Environment:
#
#  EXCEPTION_ACCESS_VIOLATION (0xc0000005) at pc=0x00007ffef23cb46d, pid=6900, tid=5708
#
# JRE version: OpenJDK Runtime Environment (11.0.10) (build 11.0.10+0-b96-7249189)
# Java VM: OpenJDK 64-Bit Server VM (11.0.10+0-b96-7249189, mixed mode, tiered, compressed oops, g1 gc, windows-amd64)
# Problematic frame:
# V  [jvm.dll+0x5cb46d]
#
# No core dump will be written. Minidumps are not enabled by default on client versions of Windows
#
# If you would like to submit a bug report, please visit:
#   https://bugreport.java.com/bugreport/crash.jsp
#

---------------  S U M M A R Y ------------

Command Line: --add-opens=java.base/java.util=ALL-UNNAMED --add-opens=java.base/java.lang=ALL-UNNAMED --add-opens=java.base/java.lang.invoke=ALL-UNNAMED --add-opens=java.base/java.util=ALL-UNNAMED --add-opens=java.prefs/java.util.prefs=ALL-UNNAMED --add-opens=java.prefs/java.util.prefs=ALL-UNNAMED --add-opens=java.base/java.nio.charset=ALL-UNNAMED --add-opens=java.base/java.net=ALL-UNNAMED --add-opens=java.base/java.util.concurrent.atomic=ALL-UNNAMED -Xmx2048m -Dfile.encoding=UTF-8 -Duser.country=ES -Duser.language=es -Duser.variant org.gradle.launcher.daemon.bootstrap.GradleDaemon 7.0.2

Host: Intel(R) Core(TM) i3-4170 CPU @ 3.70GHz, 4 cores, 11G,  Windows 10 , 64 bit Build 19041 (10.0.19041.1348)
Time: Tue Dec 21 15:43:08 2021 Hora est. Pacífico, Sudamérica elapsed time: 16.497115 seconds (0d 0h 0m 16s)

---------------  T H R E A D  ---------------

Current thread (0x000001bcf29b2800):  JavaThread "C2 CompilerThread0" daemon [_thread_in_native, id=5708, stack(0x00000079a3900000,0x00000079a3a00000)]


Current CompileTask:
C2:  16497 6045  s    4       jdk.internal.loader.Resource::cachedInputStream (20 bytes)

Stack: [0x00000079a3900000,0x00000079a3a00000],  sp=0x00000079a39fbdb0,  free space=1007k
Native frames: (J=compiled Java code, j=interpreted, Vv=VM code, C=native code)
V  [jvm.dll+0x5cb46d]
V  [jvm.dll+0x584bee]
V  [jvm.dll+0x58380e]
V  [jvm.dll+0x1fb4a2]
V  [jvm.dll+0x1fa7f4]
V  [jvm.dll+0x18354c]
V  [jvm.dll+0x208ee7]
V  [jvm.dll+0x207731]
V  [jvm.dll+0x6eb1cf]
V  [jvm.dll+0x6e3d45]
V  [jvm.dll+0x5ebe96]
C  [ucrtbase.dll+0x21bb2]
C  [KERNEL32.DLL+0x17034]
C  [ntdll.dll+0x52651]


siginfo: EXCEPTION_ACCESS_VIOLATION (0xc0000005), reading address 0x0000000000000810


Register to memory mapping:

RIP=0x00007ffef23cb46d jvm.dll
RAX=0x000001bcf3196e50 points into unknown readable memory: 0x0000000000000000 | 00 00 00 00 00 00 00 00
RBX=0x0000000000000800 is an unknown value
RCX=0x0000000000000238 is an unknown value
RDX=0x0000000000000098 is an unknown value
RSP=0x00000079a39fbdb0 is pointing into the stack for thread: 0x000001bcf29b2800
RBP=0x00000079a39fe590 is pointing into the stack for thread: 0x000001bcf29b2800
RSI=0x0000000000000047 is an unknown value
RDI=0x000001bcf3196e18 points into unknown readable memory: 0x00007ffef265aad8 | d8 aa 65 f2 fe 7f 00 00
R8 =0x0000000005a49ca0 is an unknown value
R9 =0x000001bcf3193680 points into unknown readable memory: 0x0000000000000000 | 00 00 00 00 00 00 00 00
R10=0x0 is NULL
R11=0x0000000000000246 is an unknown value
R12=0x0 is NULL
R13=0x00000079a39fc230 is pointing into the stack for thread: 0x000001bcf29b2800
R14=0x000001bcf8be0ab8 points into unknown readable memory: 0x00007ffef265aad8 | d8 aa 65 f2 fe 7f 00 00
R15=0x0000000000000038 is an unknown value


Registers:
RAX=0x000001bcf3196e50, RBX=0x0000000000000800, RCX=0x0000000000000238, RDX=0x0000000000000098
RSP=0x00000079a39fbdb0, RBP=0x00000079a39fe590, RSI=0x0000000000000047, RDI=0x000001bcf3196e18
R8 =0x0000000005a49ca0, R9 =0x000001bcf3193680, R10=0x0000000000000000, R11=0x0000000000000246
R12=0x0000000000000000, R13=0x00000079a39fc230, R14=0x000001bcf8be0ab8, R15=0x0000000000000038
RIP=0x00007ffef23cb46d, EFLAGS=0x0000000000010206

Top of Stack: (sp=0x00000079a39fbdb0)
0x00000079a39fbdb0:   000001bcf81782b0 00007ffef1e846d8
0x00000079a39fbdc0:   000001bcf3196db0 fffffffffffffff8
0x00000079a39fbdd0:   000001bcf8be0ab8 000001bcf5082eb0
0x00000079a39fbde0:   0000000000000000 00007ffef2384bee
0x00000079a39fbdf0:   000001bcf8be0ab8 00000079a39fbe38
0x00000079a39fbe00:   fffffffffffffff8 000001bcf215cf90
0x00000079a39fbe10:   000001bcfa0d96b0 000001bcfa13e5c0
0x00000079a39fbe20:   000001bcfa0d2a80 000001bcf29aab90
0x00000079a39fbe30:   0000000000000000 000001bcf6f48400
0x00000079a39fbe40:   00000079a39fe798 00000079a39fc230
0x00000079a39fbe50:   0000000000000058 00007ffef238380e
0x00000079a39fbe60:   0000000000001aed 00000079a39fe590
0x00000079a39fbe70:   0000000000000010 000001bcf67991a0
0x00000079a39fbe80:   0000000000100000 0000000000000000
0x00000079a39fbe90:   0000000000000000 0000000000000000
0x00000079a39fbea0:   0000000000000000 0000000000000000 

Instructions: (pc=0x00007ffef23cb46d)
0x00007ffef23cb36d:   00 4c 8b f1 65 48 8b 04 25 58 00 00 00 b9 08 00
0x00007ffef23cb37d:   00 00 48 8b 04 d0 48 8b 14 08 49 8b ce 48 8b 82
0x00007ffef23cb38d:   d0 04 00 00 48 8b a8 88 00 00 00 49 8b 06 ff 50
0x00007ffef23cb39d:   08 49 8b 16 49 8b ce 44 8b f8 ff 52 08 41 8b 4e
0x00007ffef23cb3ad:   1c 48 8d 9d d8 01 00 00 8b d0 48 8d 34 ca 48 8b
0x00007ffef23cb3bd:   ce 48 f7 d1 48 3b 4b 18 73 12 4c 8d 05 fa 2b 19
0x00007ffef23cb3cd:   00 48 8b d6 48 8b cb e8 17 1a af ff 48 8b 7b 18
0x00007ffef23cb3dd:   48 8d 04 37 48 3b 43 20 76 13 45 33 c0 48 8b d6
0x00007ffef23cb3ed:   48 8b cb e8 db 15 af ff 48 8b f8 eb 04 48 89 43
0x00007ffef23cb3fd:   18 49 8d 57 07 48 8b cf 48 c1 ea 03 48 85 d2 74
0x00007ffef23cb40d:   23 4d 8b c6 4c 2b c7 0f 1f 40 00 0f 1f 84 00 00
0x00007ffef23cb41d:   00 00 00 49 8b 04 08 48 89 01 48 8d 49 08 48 83
0x00007ffef23cb42d:   ea 01 75 ef 33 f6 48 c7 47 10 ff ff ff ff 49 8d
0x00007ffef23cb43d:   04 3f 48 89 77 20 48 89 47 08 41 39 76 1c 76 4d
0x00007ffef23cb44d:   0f 1f 00 49 8b 5e 08 48 8d 0c f5 00 00 00 00 48
0x00007ffef23cb45d:   8b 47 08 48 8b 1c 19 48 89 1c 01 48 85 db 74 25
0x00007ffef23cb46d:   48 83 7b 10 00 74 1e 8b 53 20 3b 53 24 75 08 48
0x00007ffef23cb47d:   8b cb e8 ac 1d 00 00 8b 4b 20 48 8b 43 10 48 89
0x00007ffef23cb48d:   3c c8 ff 43 20 ff c6 41 3b 76 1c 72 b6 41 0f b6
0x00007ffef23cb49d:   46 30 c0 e8 03 a8 01 74 26 48 8b 9d 78 01 00 00
0x00007ffef23cb4ad:   8b 13 3b 53 04 75 08 48 8b cb e8 64 fc b3 ff 48
0x00007ffef23cb4bd:   63 0b 8d 41 01 89 03 48 8b 43 18 48 89 3c c8 b8
0x00007ffef23cb4cd:   00 40 00 00 66 41 85 46 30 74 15 49 8b 46 08 48
0x00007ffef23cb4dd:   83 38 00 74 0b 48 8b d7 48 8b cd e8 c3 21 c3 ff
0x00007ffef23cb4ed:   48 8b 05 9c 2b 42 00 48 8b d7 48 8b 48 28 48 8b
0x00007ffef23cb4fd:   01 ff 90 a8 00 00 00 8b 47 2c 83 e0 3f 3c 34 75
0x00007ffef23cb50d:   11 80 7f 48 00 74 0b 48 8b d7 48 8b cd e8 b1 22
0x00007ffef23cb51d:   c3 ff 48 8b 07 48 8b cf ff 10 3d dd 00 00 00 75
0x00007ffef23cb52d:   0b 48 8b d7 48 8b cd e8 57 22 c3 ff 8b 8d a8 01
0x00007ffef23cb53d:   00 00 4d 8b c6 48 8b d7 8d 41 01 89 85 a8 01 00
0x00007ffef23cb54d:   00 89 4f 28 48 8b cd e8 47 2b c3 ff 41 8b 46 2c
0x00007ffef23cb55d:   24 03 3c 02 75 47 41 8b 46 38 85 c0 74 3f 4d 8b 


Stack slot to memory mapping:
stack at sp + 0 slots: 0x000001bcf81782b0 points into unknown readable memory: 0x00007ffef25e3de0 | e0 3d 5e f2 fe 7f 00 00
stack at sp + 1 slots: 0x00007ffef1e846d8 jvm.dll
stack at sp + 2 slots: 0x000001bcf3196db0 points into unknown readable memory: 0x00007ffef25e4288 | 88 42 5e f2 fe 7f 00 00
stack at sp + 3 slots: 0xfffffffffffffff8 is an unknown value
stack at sp + 4 slots: 0x000001bcf8be0ab8 points into unknown readable memory: 0x00007ffef265aad8 | d8 aa 65 f2 fe 7f 00 00
stack at sp + 5 slots: 0x000001bcf5082eb0 points into unknown readable memory: 0x00007ffef25e40f0 | f0 40 5e f2 fe 7f 00 00
stack at sp + 6 slots: 0x0 is NULL
stack at sp + 7 slots: 0x00007ffef2384bee jvm.dll


---------------  P R O C E S S  ---------------

Threads class SMR info:
_java_thread_list=0x000001bcf2ca62c0, length=43, elements={
0x000001bcd650a800, 0x000001bcf212a000, 0x000001bcf2133800, 0x000001bcf29a6800,
0x000001bcf29a9800, 0x000001bcf29ad000, 0x000001bcf29b2800, 0x000001bcf2146800,
0x000001bcf2147800, 0x000001bcf2b3e800, 0x000001bcf460f800, 0x000001bcf3858800,
0x000001bcf4d6d800, 0x000001bcf4edf000, 0x000001bcf4ee5000, 0x000001bcf4ee4000,
0x000001bcf4ee2800, 0x000001bcf4ee1800, 0x000001bcf4ee3800, 0x000001bcf4ee6000,
0x000001bcf4ee0000, 0x000001bcf4ee1000, 0x000001bcf4f2d000, 0x000001bcf4f29000,
0x000001bcf4f27800, 0x000001bcf4f2b800, 0x000001bcf4f2c000, 0x000001bcf4f29800,
0x000001bcf4f2e000, 0x000001bcf4f2a800, 0x000001bcf6b09000, 0x000001bcf4f32800,
0x000001bcf4f32000, 0x000001bcf4f30000, 0x000001bcf4f34800, 0x000001bcf4f2f800,
0x000001bcf4f31000, 0x000001bcf4f2e800, 0x000001bcf4f35000, 0x000001bcf4f36000,
0x000001bcf4535000, 0x000001bcf4539000, 0x000001bcf4536800
}

Java Threads: ( => current thread )
  0x000001bcd650a800 JavaThread "main" [_thread_blocked, id=11668, stack(0x00000079a2d00000,0x00000079a2e00000)]
  0x000001bcf212a000 JavaThread "Reference Handler" daemon [_thread_blocked, id=8880, stack(0x00000079a3400000,0x00000079a3500000)]
  0x000001bcf2133800 JavaThread "Finalizer" daemon [_thread_blocked, id=9364, stack(0x00000079a3500000,0x00000079a3600000)]
  0x000001bcf29a6800 JavaThread "Signal Dispatcher" daemon [_thread_blocked, id=3764, stack(0x00000079a3600000,0x00000079a3700000)]
  0x000001bcf29a9800 JavaThread "Attach Listener" daemon [_thread_blocked, id=13376, stack(0x00000079a3700000,0x00000079a3800000)]
  0x000001bcf29ad000 JavaThread "Service Thread" daemon [_thread_blocked, id=12552, stack(0x00000079a3800000,0x00000079a3900000)]
=>0x000001bcf29b2800 JavaThread "C2 CompilerThread0" daemon [_thread_in_native, id=5708, stack(0x00000079a3900000,0x00000079a3a00000)]
  0x000001bcf2146800 JavaThread "C1 CompilerThread0" daemon [_thread_blocked, id=9620, stack(0x00000079a3a00000,0x00000079a3b00000)]
  0x000001bcf2147800 JavaThread "Sweeper thread" daemon [_thread_blocked, id=9332, stack(0x00000079a3b00000,0x00000079a3c00000)]
  0x000001bcf2b3e800 JavaThread "Common-Cleaner" daemon [_thread_blocked, id=11108, stack(0x00000079a3c00000,0x00000079a3d00000)]
  0x000001bcf460f800 JavaThread "Daemon health stats" [_thread_blocked, id=11448, stack(0x00000079a4200000,0x00000079a4300000)]
  0x000001bcf3858800 JavaThread "Incoming local TCP Connector on port 62603" [_thread_in_native, id=9548, stack(0x00000079a3e00000,0x00000079a3f00000)]
  0x000001bcf4d6d800 JavaThread "Daemon periodic checks" [_thread_blocked, id=12528, stack(0x00000079a4300000,0x00000079a4400000)]
  0x000001bcf4edf000 JavaThread "Daemon" [_thread_blocked, id=9348, stack(0x00000079a4400000,0x00000079a4500000)]
  0x000001bcf4ee5000 JavaThread "Handler for socket connection from /127.0.0.1:62603 to /127.0.0.1:62604" [_thread_in_native, id=12468, stack(0x00000079a4500000,0x00000079a4600000)]
  0x000001bcf4ee4000 JavaThread "Cancel handler" [_thread_blocked, id=7884, stack(0x00000079a4600000,0x00000079a4700000)]
  0x000001bcf4ee2800 JavaThread "Daemon worker" [_thread_in_vm, id=6700, stack(0x00000079a4700000,0x00000079a4800000)]
  0x000001bcf4ee1800 JavaThread "Asynchronous log dispatcher for DefaultDaemonConnection: socket connection from /127.0.0.1:62603 to /127.0.0.1:62604" [_thread_blocked, id=1284, stack(0x00000079a4800000,0x00000079a4900000)]
  0x000001bcf4ee3800 JavaThread "Stdin handler" [_thread_blocked, id=13776, stack(0x00000079a4900000,0x00000079a4a00000)]
  0x000001bcf4ee6000 JavaThread "Daemon client event forwarder" [_thread_blocked, id=2788, stack(0x00000079a4a00000,0x00000079a4b00000)]
  0x000001bcf4ee0000 JavaThread "Cache worker for file hash cache (C:\Users\henry\.gradle\caches\7.0.2\fileHashes)" [_thread_blocked, id=3580, stack(0x00000079a4b00000,0x00000079a4c00000)]
  0x000001bcf4ee1000 JavaThread "File lock request listener" [_thread_in_native, id=13984, stack(0x00000079a4c00000,0x00000079a4d00000)]
  0x000001bcf4f2d000 JavaThread "Cache worker for journal cache (C:\Users\henry\.gradle\caches\journal-1)" [_thread_blocked, id=13680, stack(0x00000079a4d00000,0x00000079a4e00000)]
  0x000001bcf4f29000 JavaThread "Cache worker for file hash cache (C:\Users\henry\Documents\proyecto\mikroisp\MikroIspApp\.gradle\7.0.2\fileHashes)" [_thread_blocked, id=3848, stack(0x00000079a4e00000,0x00000079a4f00000)]
  0x000001bcf4f27800 JavaThread "File watcher server" daemon [_thread_in_native, id=5052, stack(0x00000079a4f00000,0x00000079a5000000)]
  0x000001bcf4f2b800 JavaThread "File watcher consumer" daemon [_thread_blocked, id=11608, stack(0x00000079a5000000,0x00000079a5100000)]
  0x000001bcf4f2c000 JavaThread "Cache worker for checksums cache (C:\Users\henry\Documents\proyecto\mikroisp\MikroIspApp\.gradle\checksums)" [_thread_blocked, id=6476, stack(0x00000079a5100000,0x00000079a5200000)]
  0x000001bcf4f29800 JavaThread "Cache worker for cache directory md-supplier (C:\Users\henry\.gradle\caches\7.0.2\md-supplier)" [_thread_blocked, id=6812, stack(0x00000079a5200000,0x00000079a5300000)]
  0x000001bcf4f2e000 JavaThread "Cache worker for cache directory md-rule (C:\Users\henry\.gradle\caches\7.0.2\md-rule)" [_thread_blocked, id=10152, stack(0x00000079a5300000,0x00000079a5400000)]
  0x000001bcf4f2a800 JavaThread "Cache worker for execution history cache (C:\Users\henry\.gradle\caches\7.0.2\executionHistory)" [_thread_blocked, id=12592, stack(0x00000079a5500000,0x00000079a5600000)]
  0x000001bcf6b09000 JavaThread "C2 CompilerThread1" daemon [_thread_in_native, id=3876, stack(0x00000079a5400000,0x00000079a5500000)]
  0x000001bcf4f32800 JavaThread "jar transforms" [_thread_blocked, id=13872, stack(0x00000079a5600000,0x00000079a5700000)]
  0x000001bcf4f32000 JavaThread "jar transforms Thread 2" [_thread_blocked, id=11852, stack(0x00000079a5700000,0x00000079a5800000)]
  0x000001bcf4f30000 JavaThread "Cache worker for file content cache (C:\Users\henry\.gradle\caches\7.0.2\fileContent)" [_thread_blocked, id=4952, stack(0x00000079a5800000,0x00000079a5900000)]
  0x000001bcf4f34800 JavaThread "Cache worker for dependencies-accessors (C:\Users\henry\Documents\proyecto\mikroisp\MikroIspApp\.gradle\7.0.2\dependencies-accessors)" [_thread_blocked, id=6072, stack(0x00000079a5900000,0x00000079a5a00000)]
  0x000001bcf4f2f800 JavaThread "jar transforms Thread 3" [_thread_blocked, id=12436, stack(0x00000079a5a00000,0x00000079a5b00000)]
  0x000001bcf4f31000 JavaThread "Cache worker for Build Output Cleanup Cache (C:\Users\henry\Documents\proyecto\mikroisp\MikroIspApp\.gradle\buildOutputCleanup)" [_thread_blocked, id=9900, stack(0x00000079a5b00000,0x00000079a5c00000)]
  0x000001bcf4f2e800 JavaThread "Build operations" [_thread_blocked, id=9148, stack(0x00000079a5c00000,0x00000079a5d00000)]
  0x000001bcf4f35000 JavaThread "Build operations Thread 2" [_thread_blocked, id=8612, stack(0x00000079a5d00000,0x00000079a5e00000)]
  0x000001bcf4f36000 JavaThread "Build operations Thread 3" [_thread_blocked, id=12336, stack(0x00000079a5e00000,0x00000079a5f00000)]
  0x000001bcf4535000 JavaThread "Build operations Thread 4" [_thread_blocked, id=8288, stack(0x00000079a5f00000,0x00000079a6000000)]
  0x000001bcf4539000 JavaThread "jar transforms Thread 4" [_thread_blocked, id=5628, stack(0x00000079a6000000,0x00000079a6100000)]
  0x000001bcf4536800 JavaThread "Memory manager" [_thread_blocked, id=3672, stack(0x00000079a6200000,0x00000079a6300000)]

Other Threads:
  0x000001bcf2123800 VMThread "VM Thread" [stack: 0x00000079a3300000,0x00000079a3400000] [id=9168]
  0x000001bcf2b69000 WatcherThread [stack: 0x00000079a3d00000,0x00000079a3e00000] [id=5632]
  0x000001bcd6613800 GCTaskThread "GC Thread#0" [stack: 0x00000079a2e00000,0x00000079a2f00000] [id=14332]
  0x000001bcf3449000 GCTaskThread "GC Thread#1" [stack: 0x00000079a3f00000,0x00000079a4000000] [id=4332]
  0x000001bcf3054800 GCTaskThread "GC Thread#2" [stack: 0x00000079a4000000,0x00000079a4100000] [id=6424]
  0x000001bcf3055800 GCTaskThread "GC Thread#3" [stack: 0x00000079a4100000,0x00000079a4200000] [id=12772]
  0x000001bcd6645800 ConcurrentGCThread "G1 Main Marker" [stack: 0x00000079a2f00000,0x00000079a3000000] [id=11372]
  0x000001bcd6648800 ConcurrentGCThread "G1 Conc#0" [stack: 0x00000079a3000000,0x00000079a3100000] [id=1348]
  0x000001bcf1f8e800 ConcurrentGCThread "G1 Refine#0" [stack: 0x00000079a3100000,0x00000079a3200000] [id=14324]
  0x000001bcf97ad000 ConcurrentGCThread "G1 Refine#1" [stack: 0x00000079a6100000,0x00000079a6200000] [id=6552]
  0x000001bcf1f8f000 ConcurrentGCThread "G1 Young RemSet Sampling" [stack: 0x00000079a3200000,0x00000079a3300000] [id=6464]

Threads with active compile tasks:
C2 CompilerThread0  16565 6045  s    4       jdk.internal.loader.Resource::cachedInputStream (20 bytes)
C2 CompilerThread1  16565 6091       4       org.objectweb.asm.MethodWriter::computeAllFrames (510 bytes)

VM state:not at safepoint (normal execution)

VM Mutex/Monitor currently owned by a thread: None

Heap address: 0x0000000080000000, size: 2048 MB, Compressed Oops mode: 32-bit
Narrow klass base: 0x0000000000000000, Narrow klass shift: 3
Compressed class space size: 1073741824 Address: 0x0000000100000000

Heap:
 garbage-first heap   total 196608K, used 91443K [0x0000000080000000, 0x0000000100000000)
  region size 1024K, 45 young (46080K), 4 survivors (4096K)
 Metaspace       used 62425K, capacity 63900K, committed 64076K, reserved 1105920K
  class space    used 7915K, capacity 8466K, committed 8524K, reserved 1048576K
Heap Regions: E=young(eden), S=young(survivor), O=old, HS=humongous(starts), HC=humongous(continues), CS=collection set, F=free, A=archive, TAMS=top-at-mark-start (previous, next)
|   0|0x0000000080000000, 0x0000000080100000, 0x0000000080100000|100%| O|  |TAMS 0x0000000080100000, 0x0000000080000000| Untracked 
|   1|0x0000000080100000, 0x0000000080200000, 0x0000000080200000|100%| O|  |TAMS 0x0000000080200000, 0x0000000080100000| Untracked 
|   2|0x0000000080200000, 0x0000000080300000, 0x0000000080300000|100%| O|  |TAMS 0x0000000080300000, 0x0000000080200000| Untracked 
|   3|0x0000000080300000, 0x0000000080400000, 0x0000000080400000|100%|HS|  |TAMS 0x0000000080400000, 0x0000000080300000| Complete 
|   4|0x0000000080400000, 0x0000000080500000, 0x0000000080500000|100%|HC|  |TAMS 0x0000000080500000, 0x0000000080400000| Complete 
|   5|0x0000000080500000, 0x0000000080600000, 0x0000000080600000|100%|HC|  |TAMS 0x0000000080600000, 0x0000000080500000| Complete 
|   6|0x0000000080600000, 0x0000000080700000, 0x0000000080700000|100%| O|  |TAMS 0x0000000080700000, 0x0000000080600000| Untracked 
|   7|0x0000000080700000, 0x0000000080800000, 0x0000000080800000|100%| O|  |TAMS 0x0000000080800000, 0x0000000080700000| Untracked 
|   8|0x0000000080800000, 0x0000000080900000, 0x0000000080900000|100%| O|  |TAMS 0x0000000080900000, 0x0000000080800000| Untracked 
|   9|0x0000000080900000, 0x0000000080a00000, 0x0000000080a00000|100%| O|  |TAMS 0x0000000080a00000, 0x0000000080900000| Untracked 
|  10|0x0000000080a00000, 0x0000000080b00000, 0x0000000080b00000|100%| O|  |TAMS 0x0000000080b00000, 0x0000000080a00000| Untracked 
|  11|0x0000000080b00000, 0x0000000080c00000, 0x0000000080c00000|100%| O|  |TAMS 0x0000000080c00000, 0x0000000080b00000| Untracked 
|  12|0x0000000080c00000, 0x0000000080d00000, 0x0000000080d00000|100%| O|  |TAMS 0x0000000080d00000, 0x0000000080c00000| Untracked 
|  13|0x0000000080d00000, 0x0000000080e00000, 0x0000000080e00000|100%| O|  |TAMS 0x0000000080e00000, 0x0000000080d00000| Untracked 
|  14|0x0000000080e00000, 0x0000000080f00000, 0x0000000080f00000|100%| O|  |TAMS 0x0000000080f00000, 0x0000000080e00000| Untracked 
|  15|0x0000000080f00000, 0x0000000081000000, 0x0000000081000000|100%| O|  |TAMS 0x0000000081000000, 0x0000000080f00000| Untracked 
|  16|0x0000000081000000, 0x0000000081100000, 0x0000000081100000|100%|HS|  |TAMS 0x0000000081100000, 0x0000000081000000| Complete 
|  17|0x0000000081100000, 0x0000000081200000, 0x0000000081200000|100%|HS|  |TAMS 0x0000000081200000, 0x0000000081100000| Complete 
|  18|0x0000000081200000, 0x0000000081300000, 0x0000000081300000|100%|HS|  |TAMS 0x0000000081300000, 0x0000000081200000| Complete 
|  19|0x0000000081300000, 0x0000000081400000, 0x0000000081400000|100%|HS|  |TAMS 0x0000000081400000, 0x0000000081300000| Complete 
|  20|0x0000000081400000, 0x0000000081500000, 0x0000000081500000|100%|HC|  |TAMS 0x0000000081500000, 0x0000000081400000| Complete 
|  21|0x0000000081500000, 0x0000000081600000, 0x0000000081600000|100%|HC|  |TAMS 0x0000000081600000, 0x0000000081500000| Complete 
|  22|0x0000000081600000, 0x0000000081700000, 0x0000000081700000|100%|HS|  |TAMS 0x0000000081700000, 0x0000000081600000| Complete 
|  23|0x0000000081700000, 0x0000000081800000, 0x0000000081800000|100%|HC|  |TAMS 0x0000000081800000, 0x0000000081700000| Complete 
|  24|0x0000000081800000, 0x0000000081900000, 0x0000000081900000|100%| O|  |TAMS 0x0000000081900000, 0x0000000081800000| Untracked 
|  25|0x0000000081900000, 0x0000000081a00000, 0x0000000081a00000|100%| O|  |TAMS 0x0000000081a00000, 0x0000000081900000| Untracked 
|  26|0x0000000081a00000, 0x0000000081b00000, 0x0000000081b00000|100%| O|  |TAMS 0x0000000081b00000, 0x0000000081a00000| Untracked 
|  27|0x0000000081b00000, 0x0000000081c00000, 0x0000000081c00000|100%| O|  |TAMS 0x0000000081c00000, 0x0000000081b00000| Untracked 
|  28|0x0000000081c00000, 0x0000000081d00000, 0x0000000081d00000|100%| O|  |TAMS 0x0000000081d00000, 0x0000000081c00000| Untracked 
|  29|0x0000000081d00000, 0x0000000081e00000, 0x0000000081e00000|100%| O|  |TAMS 0x0000000081e00000, 0x0000000081d00000| Untracked 
|  30|0x0000000081e00000, 0x0000000081f00000, 0x0000000081f00000|100%| O|  |TAMS 0x0000000081f00000, 0x0000000081e00000| Untracked 
|  31|0x0000000081f00000, 0x0000000082000000, 0x0000000082000000|100%| O|  |TAMS 0x0000000082000000, 0x0000000081f00000| Untracked 
|  32|0x0000000082000000, 0x0000000082100000, 0x0000000082100000|100%| O|  |TAMS 0x0000000082100000, 0x0000000082000000| Untracked 
|  33|0x0000000082100000, 0x0000000082200000, 0x0000000082200000|100%| O|  |TAMS 0x0000000082200000, 0x0000000082100000| Untracked 
|  34|0x0000000082200000, 0x0000000082300000, 0x0000000082300000|100%| O|  |TAMS 0x0000000082300000, 0x0000000082200000| Untracked 
|  35|0x0000000082300000, 0x0000000082400000, 0x0000000082400000|100%| O|  |TAMS 0x0000000082400000, 0x0000000082300000| Untracked 
|  36|0x0000000082400000, 0x0000000082500000, 0x0000000082500000|100%| O|  |TAMS 0x0000000082500000, 0x0000000082400000| Untracked 
|  37|0x0000000082500000, 0x0000000082600000, 0x0000000082600000|100%| O|  |TAMS 0x0000000082600000, 0x0000000082500000| Untracked 
|  38|0x0000000082600000, 0x0000000082700000, 0x0000000082700000|100%| O|  |TAMS 0x0000000082700000, 0x0000000082600000| Untracked 
|  39|0x0000000082700000, 0x0000000082800000, 0x0000000082800000|100%| O|  |TAMS 0x0000000082800000, 0x0000000082700000| Untracked 
|  40|0x0000000082800000, 0x0000000082900000, 0x0000000082900000|100%| O|  |TAMS 0x0000000082900000, 0x0000000082800000| Untracked 
|  41|0x0000000082900000, 0x0000000082a00000, 0x0000000082a00000|100%| O|  |TAMS 0x0000000082a00000, 0x0000000082900000| Untracked 
|  42|0x0000000082a00000, 0x0000000082b00000, 0x0000000082b00000|100%| O|  |TAMS 0x0000000082b00000, 0x0000000082a00000| Untracked 
|  43|0x0000000082b00000, 0x0000000082c00000, 0x0000000082c00000|100%| O|  |TAMS 0x0000000082c00000, 0x0000000082b00000| Untracked 
|  44|0x0000000082c00000, 0x0000000082d00000, 0x0000000082d00000|100%| O|  |TAMS 0x0000000082d00000, 0x0000000082c00000| Untracked 
|  45|0x0000000082d00000, 0x0000000082e00000, 0x0000000082e00000|100%| O|  |TAMS 0x0000000082e00000, 0x0000000082d00000| Untracked 
|  46|0x0000000082e00000, 0x0000000082e4cc00, 0x0000000082f00000| 29%| O|  |TAMS 0x0000000082e4cc00, 0x0000000082e00000| Untracked 
|  47|0x0000000082f00000, 0x0000000082f00000, 0x0000000083000000|  0%| F|  |TAMS 0x0000000082f00000, 0x0000000082f00000| Untracked 
|  48|0x0000000083000000, 0x0000000083000000, 0x0000000083100000|  0%| F|  |TAMS 0x0000000083000000, 0x0000000083000000| Untracked 
|  49|0x0000000083100000, 0x0000000083100000, 0x0000000083200000|  0%| F|  |TAMS 0x0000000083100000, 0x0000000083100000| Untracked 
|  50|0x0000000083200000, 0x0000000083200000, 0x0000000083300000|  0%| F|  |TAMS 0x0000000083200000, 0x0000000083200000| Untracked 
|  51|0x0000000083300000, 0x0000000083300000, 0x0000000083400000|  0%| F|  |TAMS 0x0000000083300000, 0x0000000083300000| Untracked 
|  52|0x0000000083400000, 0x0000000083400000, 0x0000000083500000|  0%| F|  |TAMS 0x0000000083400000, 0x0000000083400000| Untracked 
|  53|0x0000000083500000, 0x0000000083500000, 0x0000000083600000|  0%| F|  |TAMS 0x0000000083500000, 0x0000000083500000| Untracked 
|  54|0x0000000083600000, 0x0000000083600000, 0x0000000083700000|  0%| F|  |TAMS 0x0000000083600000, 0x0000000083600000| Untracked 
|  55|0x0000000083700000, 0x0000000083700000, 0x0000000083800000|  0%| F|  |TAMS 0x0000000083700000, 0x0000000083700000| Untracked 
|  56|0x0000000083800000, 0x0000000083800000, 0x0000000083900000|  0%| F|  |TAMS 0x0000000083800000, 0x0000000083800000| Untracked 
|  57|0x0000000083900000, 0x0000000083900000, 0x0000000083a00000|  0%| F|  |TAMS 0x0000000083900000, 0x0000000083900000| Untracked 
|  58|0x0000000083a00000, 0x0000000083a00000, 0x0000000083b00000|  0%| F|  |TAMS 0x0000000083a00000, 0x0000000083a00000| Untracked 
|  59|0x0000000083b00000, 0x0000000083b00000, 0x0000000083c00000|  0%| F|  |TAMS 0x0000000083b00000, 0x0000000083b00000| Untracked 
|  60|0x0000000083c00000, 0x0000000083c00000, 0x0000000083d00000|  0%| F|  |TAMS 0x0000000083c00000, 0x0000000083c00000| Untracked 
|  61|0x0000000083d00000, 0x0000000083d00000, 0x0000000083e00000|  0%| F|  |TAMS 0x0000000083d00000, 0x0000000083d00000| Untracked 
|  62|0x0000000083e00000, 0x0000000083e00000, 0x0000000083f00000|  0%| F|  |TAMS 0x0000000083e00000, 0x0000000083e00000| Untracked 
|  63|0x0000000083f00000, 0x0000000083f00000, 0x0000000084000000|  0%| F|  |TAMS 0x0000000083f00000, 0x0000000083f00000| Untracked 
|  64|0x0000000084000000, 0x0000000084000000, 0x0000000084100000|  0%| F|  |TAMS 0x0000000084000000, 0x0000000084000000| Untracked 
|  65|0x0000000084100000, 0x0000000084100000, 0x0000000084200000|  0%| F|  |TAMS 0x0000000084100000, 0x0000000084100000| Untracked 
|  66|0x0000000084200000, 0x0000000084200000, 0x0000000084300000|  0%| F|  |TAMS 0x0000000084200000, 0x0000000084200000| Untracked 
|  67|0x0000000084300000, 0x0000000084300000, 0x0000000084400000|  0%| F|  |TAMS 0x0000000084300000, 0x0000000084300000| Untracked 
|  68|0x0000000084400000, 0x0000000084400000, 0x0000000084500000|  0%| F|  |TAMS 0x0000000084400000, 0x0000000084400000| Untracked 
|  69|0x0000000084500000, 0x0000000084500000, 0x0000000084600000|  0%| F|  |TAMS 0x0000000084500000, 0x0000000084500000| Untracked 
|  70|0x0000000084600000, 0x0000000084600000, 0x0000000084700000|  0%| F|  |TAMS 0x0000000084600000, 0x0000000084600000| Untracked 
|  71|0x0000000084700000, 0x0000000084700000, 0x0000000084800000|  0%| F|  |TAMS 0x0000000084700000, 0x0000000084700000| Untracked 
|  72|0x0000000084800000, 0x0000000084800000, 0x0000000084900000|  0%| F|  |TAMS 0x0000000084800000, 0x0000000084800000| Untracked 
|  73|0x0000000084900000, 0x0000000084900000, 0x0000000084a00000|  0%| F|  |TAMS 0x0000000084900000, 0x0000000084900000| Untracked 
|  74|0x0000000084a00000, 0x0000000084a00000, 0x0000000084b00000|  0%| F|  |TAMS 0x0000000084a00000, 0x0000000084a00000| Untracked 
|  75|0x0000000084b00000, 0x0000000084b00000, 0x0000000084c00000|  0%| F|  |TAMS 0x0000000084b00000, 0x0000000084b00000| Untracked 
|  76|0x0000000084c00000, 0x0000000084c00000, 0x0000000084d00000|  0%| F|  |TAMS 0x0000000084c00000, 0x0000000084c00000| Untracked 
|  77|0x0000000084d00000, 0x0000000084d00000, 0x0000000084e00000|  0%| F|  |TAMS 0x0000000084d00000, 0x0000000084d00000| Untracked 
|  78|0x0000000084e00000, 0x0000000084e00000, 0x0000000084f00000|  0%| F|  |TAMS 0x0000000084e00000, 0x0000000084e00000| Untracked 
|  79|0x0000000084f00000, 0x0000000084f00000, 0x0000000085000000|  0%| F|  |TAMS 0x0000000084f00000, 0x0000000084f00000| Untracked 
|  80|0x0000000085000000, 0x0000000085000000, 0x0000000085100000|  0%| F|  |TAMS 0x0000000085000000, 0x0000000085000000| Untracked 
|  81|0x0000000085100000, 0x0000000085100000, 0x0000000085200000|  0%| F|  |TAMS 0x0000000085100000, 0x0000000085100000| Untracked 
|  82|0x0000000085200000, 0x0000000085200000, 0x0000000085300000|  0%| F|  |TAMS 0x0000000085200000, 0x0000000085200000| Untracked 
|  83|0x0000000085300000, 0x0000000085300000, 0x0000000085400000|  0%| F|  |TAMS 0x0000000085300000, 0x0000000085300000| Untracked 
|  84|0x0000000085400000, 0x0000000085400000, 0x0000000085500000|  0%| F|  |TAMS 0x0000000085400000, 0x0000000085400000| Untracked 
|  85|0x0000000085500000, 0x0000000085500000, 0x0000000085600000|  0%| F|  |TAMS 0x0000000085500000, 0x0000000085500000| Untracked 
|  86|0x0000000085600000, 0x0000000085600000, 0x0000000085700000|  0%| F|  |TAMS 0x0000000085600000, 0x0000000085600000| Untracked 
|  87|0x0000000085700000, 0x0000000085700000, 0x0000000085800000|  0%| F|  |TAMS 0x0000000085700000, 0x0000000085700000| Untracked 
|  88|0x0000000085800000, 0x0000000085800000, 0x0000000085900000|  0%| F|  |TAMS 0x0000000085800000, 0x0000000085800000| Untracked 
|  89|0x0000000085900000, 0x0000000085900000, 0x0000000085a00000|  0%| F|  |TAMS 0x0000000085900000, 0x0000000085900000| Untracked 
|  90|0x0000000085a00000, 0x0000000085a00000, 0x0000000085b00000|  0%| F|  |TAMS 0x0000000085a00000, 0x0000000085a00000| Untracked 
|  91|0x0000000085b00000, 0x0000000085b00000, 0x0000000085c00000|  0%| F|  |TAMS 0x0000000085b00000, 0x0000000085b00000| Untracked 
|  92|0x0000000085c00000, 0x0000000085c00000, 0x0000000085d00000|  0%| F|  |TAMS 0x0000000085c00000, 0x0000000085c00000| Untracked 
|  93|0x0000000085d00000, 0x0000000085d00000, 0x0000000085e00000|  0%| F|  |TAMS 0x0000000085d00000, 0x0000000085d00000| Untracked 
|  94|0x0000000085e00000, 0x0000000085e00000, 0x0000000085f00000|  0%| F|  |TAMS 0x0000000085e00000, 0x0000000085e00000| Untracked 
|  95|0x0000000085f00000, 0x0000000085f00000, 0x0000000086000000|  0%| F|  |TAMS 0x0000000085f00000, 0x0000000085f00000| Untracked 
|  96|0x0000000086000000, 0x0000000086000000, 0x0000000086100000|  0%| F|  |TAMS 0x0000000086000000, 0x0000000086000000| Untracked 
|  97|0x0000000086100000, 0x0000000086100000, 0x0000000086200000|  0%| F|  |TAMS 0x0000000086100000, 0x0000000086100000| Untracked 
|  98|0x0000000086200000, 0x0000000086200000, 0x0000000086300000|  0%| F|  |TAMS 0x0000000086200000, 0x0000000086200000| Untracked 
|  99|0x0000000086300000, 0x0000000086300000, 0x0000000086400000|  0%| F|  |TAMS 0x0000000086300000, 0x0000000086300000| Untracked 
| 100|0x0000000086400000, 0x0000000086400000, 0x0000000086500000|  0%| F|  |TAMS 0x0000000086400000, 0x0000000086400000| Untracked 
| 101|0x0000000086500000, 0x0000000086500000, 0x0000000086600000|  0%| F|  |TAMS 0x0000000086500000, 0x0000000086500000| Untracked 
| 102|0x0000000086600000, 0x0000000086600000, 0x0000000086700000|  0%| F|  |TAMS 0x0000000086600000, 0x0000000086600000| Untracked 
| 103|0x0000000086700000, 0x0000000086700000, 0x0000000086800000|  0%| F|  |TAMS 0x0000000086700000, 0x0000000086700000| Untracked 
| 104|0x0000000086800000, 0x0000000086800000, 0x0000000086900000|  0%| F|  |TAMS 0x0000000086800000, 0x0000000086800000| Untracked 
| 105|0x0000000086900000, 0x0000000086900000, 0x0000000086a00000|  0%| F|  |TAMS 0x0000000086900000, 0x0000000086900000| Untracked 
| 106|0x0000000086a00000, 0x0000000086a00000, 0x0000000086b00000|  0%| F|  |TAMS 0x0000000086a00000, 0x0000000086a00000| Untracked 
| 107|0x0000000086b00000, 0x0000000086b00000, 0x0000000086c00000|  0%| F|  |TAMS 0x0000000086b00000, 0x0000000086b00000| Untracked 
| 108|0x0000000086c00000, 0x0000000086c00000, 0x0000000086d00000|  0%| F|  |TAMS 0x0000000086c00000, 0x0000000086c00000| Untracked 
| 109|0x0000000086d00000, 0x0000000086d00000, 0x0000000086e00000|  0%| F|  |TAMS 0x0000000086d00000, 0x0000000086d00000| Untracked 
| 110|0x0000000086e00000, 0x0000000086e00000, 0x0000000086f00000|  0%| F|  |TAMS 0x0000000086e00000, 0x0000000086e00000| Untracked 
| 111|0x0000000086f00000, 0x0000000086f00000, 0x0000000087000000|  0%| F|  |TAMS 0x0000000086f00000, 0x0000000086f00000| Untracked 
| 112|0x0000000087000000, 0x0000000087000000, 0x0000000087100000|  0%| F|  |TAMS 0x0000000087000000, 0x0000000087000000| Untracked 
| 113|0x0000000087100000, 0x0000000087100000, 0x0000000087200000|  0%| F|  |TAMS 0x0000000087100000, 0x0000000087100000| Untracked 
| 114|0x0000000087200000, 0x0000000087200000, 0x0000000087300000|  0%| F|  |TAMS 0x0000000087200000, 0x0000000087200000| Untracked 
| 115|0x0000000087300000, 0x0000000087300000, 0x0000000087400000|  0%| F|  |TAMS 0x0000000087300000, 0x0000000087300000| Untracked 
| 116|0x0000000087400000, 0x0000000087400000, 0x0000000087500000|  0%| F|  |TAMS 0x0000000087400000, 0x0000000087400000| Untracked 
| 117|0x0000000087500000, 0x0000000087600000, 0x0000000087600000|100%| S|CS|TAMS 0x0000000087500000, 0x0000000087500000| Complete 
| 118|0x0000000087600000, 0x0000000087700000, 0x0000000087700000|100%| S|CS|TAMS 0x0000000087600000, 0x0000000087600000| Complete 
| 119|0x0000000087700000, 0x0000000087800000, 0x0000000087800000|100%| S|CS|TAMS 0x0000000087700000, 0x0000000087700000| Complete 
| 120|0x0000000087800000, 0x0000000087900000, 0x0000000087900000|100%| S|CS|TAMS 0x0000000087800000, 0x0000000087800000| Complete 
| 121|0x0000000087900000, 0x0000000087900000, 0x0000000087a00000|  0%| F|  |TAMS 0x0000000087900000, 0x0000000087900000| Untracked 
| 122|0x0000000087a00000, 0x0000000087a00000, 0x0000000087b00000|  0%| F|  |TAMS 0x0000000087a00000, 0x0000000087a00000| Untracked 
| 123|0x0000000087b00000, 0x0000000087b00000, 0x0000000087c00000|  0%| F|  |TAMS 0x0000000087b00000, 0x0000000087b00000| Untracked 
| 124|0x0000000087c00000, 0x0000000087c00000, 0x0000000087d00000|  0%| F|  |TAMS 0x0000000087c00000, 0x0000000087c00000| Untracked 
| 125|0x0000000087d00000, 0x0000000087d00000, 0x0000000087e00000|  0%| F|  |TAMS 0x0000000087d00000, 0x0000000087d00000| Untracked 
| 126|0x0000000087e00000, 0x0000000087e00000, 0x0000000087f00000|  0%| F|  |TAMS 0x0000000087e00000, 0x0000000087e00000| Untracked 
| 127|0x0000000087f00000, 0x0000000087f00000, 0x0000000088000000|  0%| F|  |TAMS 0x0000000087f00000, 0x0000000087f00000| Untracked 
| 128|0x0000000088000000, 0x0000000088000000, 0x0000000088100000|  0%| F|  |TAMS 0x0000000088000000, 0x0000000088000000| Untracked 
| 129|0x0000000088100000, 0x0000000088100000, 0x0000000088200000|  0%| F|  |TAMS 0x0000000088100000, 0x0000000088100000| Untracked 
| 130|0x0000000088200000, 0x0000000088200000, 0x0000000088300000|  0%| F|  |TAMS 0x0000000088200000, 0x0000000088200000| Untracked 
| 131|0x0000000088300000, 0x0000000088300000, 0x0000000088400000|  0%| F|  |TAMS 0x0000000088300000, 0x0000000088300000| Untracked 
| 132|0x0000000088400000, 0x0000000088400000, 0x0000000088500000|  0%| F|  |TAMS 0x0000000088400000, 0x0000000088400000| Untracked 
| 133|0x0000000088500000, 0x0000000088500000, 0x0000000088600000|  0%| F|  |TAMS 0x0000000088500000, 0x0000000088500000| Untracked 
| 134|0x0000000088600000, 0x0000000088600000, 0x0000000088700000|  0%| F|  |TAMS 0x0000000088600000, 0x0000000088600000| Untracked 
| 135|0x0000000088700000, 0x0000000088700000, 0x0000000088800000|  0%| F|  |TAMS 0x0000000088700000, 0x0000000088700000| Untracked 
| 136|0x0000000088800000, 0x0000000088800000, 0x0000000088900000|  0%| F|  |TAMS 0x0000000088800000, 0x0000000088800000| Untracked 
| 137|0x0000000088900000, 0x0000000088900000, 0x0000000088a00000|  0%| F|  |TAMS 0x0000000088900000, 0x0000000088900000| Untracked 
| 138|0x0000000088a00000, 0x0000000088a00000, 0x0000000088b00000|  0%| F|  |TAMS 0x0000000088a00000, 0x0000000088a00000| Untracked 
| 139|0x0000000088b00000, 0x0000000088b00000, 0x0000000088c00000|  0%| F|  |TAMS 0x0000000088b00000, 0x0000000088b00000| Untracked 
| 140|0x0000000088c00000, 0x0000000088c00000, 0x0000000088d00000|  0%| F|  |TAMS 0x0000000088c00000, 0x0000000088c00000| Untracked 
| 141|0x0000000088d00000, 0x0000000088d00000, 0x0000000088e00000|  0%| F|  |TAMS 0x0000000088d00000, 0x0000000088d00000| Untracked 
| 142|0x0000000088e00000, 0x0000000088e00000, 0x0000000088f00000|  0%| F|  |TAMS 0x0000000088e00000, 0x0000000088e00000| Untracked 
| 143|0x0000000088f00000, 0x0000000088f00000, 0x0000000089000000|  0%| F|  |TAMS 0x0000000088f00000, 0x0000000088f00000| Untracked 
| 144|0x0000000089000000, 0x0000000089000000, 0x0000000089100000|  0%| F|  |TAMS 0x0000000089000000, 0x0000000089000000| Untracked 
| 145|0x0000000089100000, 0x0000000089100000, 0x0000000089200000|  0%| F|  |TAMS 0x0000000089100000, 0x0000000089100000| Untracked 
| 146|0x0000000089200000, 0x0000000089200000, 0x0000000089300000|  0%| F|  |TAMS 0x0000000089200000, 0x0000000089200000| Untracked 
| 147|0x0000000089300000, 0x0000000089300000, 0x0000000089400000|  0%| F|  |TAMS 0x0000000089300000, 0x0000000089300000| Untracked 
| 148|0x0000000089400000, 0x0000000089400000, 0x0000000089500000|  0%| F|  |TAMS 0x0000000089400000, 0x0000000089400000| Untracked 
| 149|0x0000000089500000, 0x0000000089500000, 0x0000000089600000|  0%| F|  |TAMS 0x0000000089500000, 0x0000000089500000| Untracked 
| 150|0x0000000089600000, 0x0000000089600000, 0x0000000089700000|  0%| F|  |TAMS 0x0000000089600000, 0x0000000089600000| Untracked 
| 151|0x0000000089700000, 0x0000000089800000, 0x0000000089800000|100%| E|  |TAMS 0x0000000089700000, 0x0000000089700000| Complete 
| 152|0x0000000089800000, 0x0000000089900000, 0x0000000089900000|100%| E|CS|TAMS 0x0000000089800000, 0x0000000089800000| Complete 
| 153|0x0000000089900000, 0x0000000089a00000, 0x0000000089a00000|100%| E|CS|TAMS 0x0000000089900000, 0x0000000089900000| Complete 
| 154|0x0000000089a00000, 0x0000000089b00000, 0x0000000089b00000|100%| E|CS|TAMS 0x0000000089a00000, 0x0000000089a00000| Complete 
| 155|0x0000000089b00000, 0x0000000089c00000, 0x0000000089c00000|100%| E|CS|TAMS 0x0000000089b00000, 0x0000000089b00000| Complete 
| 156|0x0000000089c00000, 0x0000000089d00000, 0x0000000089d00000|100%| E|CS|TAMS 0x0000000089c00000, 0x0000000089c00000| Complete 
| 157|0x0000000089d00000, 0x0000000089e00000, 0x0000000089e00000|100%| E|CS|TAMS 0x0000000089d00000, 0x0000000089d00000| Complete 
| 158|0x0000000089e00000, 0x0000000089f00000, 0x0000000089f00000|100%| E|CS|TAMS 0x0000000089e00000, 0x0000000089e00000| Complete 
| 159|0x0000000089f00000, 0x000000008a000000, 0x000000008a000000|100%| E|CS|TAMS 0x0000000089f00000, 0x0000000089f00000| Complete 
| 160|0x000000008a000000, 0x000000008a100000, 0x000000008a100000|100%| E|CS|TAMS 0x000000008a000000, 0x000000008a000000| Complete 
| 161|0x000000008a100000, 0x000000008a200000, 0x000000008a200000|100%| E|CS|TAMS 0x000000008a100000, 0x000000008a100000| Complete 
| 162|0x000000008a200000, 0x000000008a300000, 0x000000008a300000|100%| E|CS|TAMS 0x000000008a200000, 0x000000008a200000| Complete 
| 163|0x000000008a300000, 0x000000008a400000, 0x000000008a400000|100%| E|CS|TAMS 0x000000008a300000, 0x000000008a300000| Complete 
| 164|0x000000008a400000, 0x000000008a500000, 0x000000008a500000|100%| E|CS|TAMS 0x000000008a400000, 0x000000008a400000| Complete 
| 165|0x000000008a500000, 0x000000008a600000, 0x000000008a600000|100%| E|CS|TAMS 0x000000008a500000, 0x000000008a500000| Complete 
| 166|0x000000008a600000, 0x000000008a700000, 0x000000008a700000|100%| E|CS|TAMS 0x000000008a600000, 0x000000008a600000| Complete 
| 167|0x000000008a700000, 0x000000008a800000, 0x000000008a800000|100%| E|CS|TAMS 0x000000008a700000, 0x000000008a700000| Complete 
| 168|0x000000008a800000, 0x000000008a900000, 0x000000008a900000|100%| E|CS|TAMS 0x000000008a800000, 0x000000008a800000| Complete 
| 169|0x000000008a900000, 0x000000008aa00000, 0x000000008aa00000|100%| E|CS|TAMS 0x000000008a900000, 0x000000008a900000| Complete 
| 170|0x000000008aa00000, 0x000000008ab00000, 0x000000008ab00000|100%| E|CS|TAMS 0x000000008aa00000, 0x000000008aa00000| Complete 
| 171|0x000000008ab00000, 0x000000008ac00000, 0x000000008ac00000|100%| E|CS|TAMS 0x000000008ab00000, 0x000000008ab00000| Complete 
| 172|0x000000008ac00000, 0x000000008ad00000, 0x000000008ad00000|100%| E|CS|TAMS 0x000000008ac00000, 0x000000008ac00000| Complete 
| 173|0x000000008ad00000, 0x000000008ae00000, 0x000000008ae00000|100%| E|CS|TAMS 0x000000008ad00000, 0x000000008ad00000| Complete 
| 174|0x000000008ae00000, 0x000000008af00000, 0x000000008af00000|100%| E|CS|TAMS 0x000000008ae00000, 0x000000008ae00000| Complete 
| 175|0x000000008af00000, 0x000000008b000000, 0x000000008b000000|100%| E|CS|TAMS 0x000000008af00000, 0x000000008af00000| Complete 
| 176|0x000000008b000000, 0x000000008b100000, 0x000000008b100000|100%| E|CS|TAMS 0x000000008b000000, 0x000000008b000000| Complete 
| 177|0x000000008b100000, 0x000000008b200000, 0x000000008b200000|100%| E|CS|TAMS 0x000000008b100000, 0x000000008b100000| Complete 
| 178|0x000000008b200000, 0x000000008b300000, 0x000000008b300000|100%| E|CS|TAMS 0x000000008b200000, 0x000000008b200000| Complete 
| 179|0x000000008b300000, 0x000000008b400000, 0x000000008b400000|100%| E|CS|TAMS 0x000000008b300000, 0x000000008b300000| Complete 
| 180|0x000000008b400000, 0x000000008b500000, 0x000000008b500000|100%| E|CS|TAMS 0x000000008b400000, 0x000000008b400000| Complete 
| 181|0x000000008b500000, 0x000000008b600000, 0x000000008b600000|100%| E|CS|TAMS 0x000000008b500000, 0x000000008b500000| Complete 
| 182|0x000000008b600000, 0x000000008b700000, 0x000000008b700000|100%| E|CS|TAMS 0x000000008b600000, 0x000000008b600000| Complete 
| 183|0x000000008b700000, 0x000000008b800000, 0x000000008b800000|100%| E|  |TAMS 0x000000008b700000, 0x000000008b700000| Complete 
| 184|0x000000008b800000, 0x000000008b900000, 0x000000008b900000|100%| E|CS|TAMS 0x000000008b800000, 0x000000008b800000| Complete 
| 185|0x000000008b900000, 0x000000008ba00000, 0x000000008ba00000|100%| E|CS|TAMS 0x000000008b900000, 0x000000008b900000| Complete 
| 186|0x000000008ba00000, 0x000000008bb00000, 0x000000008bb00000|100%| E|CS|TAMS 0x000000008ba00000, 0x000000008ba00000| Complete 
| 187|0x000000008bb00000, 0x000000008bc00000, 0x000000008bc00000|100%| E|CS|TAMS 0x000000008bb00000, 0x000000008bb00000| Complete 
| 188|0x000000008bc00000, 0x000000008bd00000, 0x000000008bd00000|100%| E|CS|TAMS 0x000000008bc00000, 0x000000008bc00000| Complete 
| 189|0x000000008bd00000, 0x000000008be00000, 0x000000008be00000|100%| E|CS|TAMS 0x000000008bd00000, 0x000000008bd00000| Complete 
| 190|0x000000008be00000, 0x000000008bf00000, 0x000000008bf00000|100%| E|CS|TAMS 0x000000008be00000, 0x000000008be00000| Complete 
| 191|0x000000008bf00000, 0x000000008c000000, 0x000000008c000000|100%| E|CS|TAMS 0x000000008bf00000, 0x000000008bf00000| Complete 

Card table byte_map: [0x000001bceb2d0000,0x000001bceb6d0000] _byte_map_base: 0x000001bceaed0000

Marking Bits (Prev, Next): (CMBitMap*) 0x000001bcd663c7e0, (CMBitMap*) 0x000001bcd663c7a8
 Prev Bits: [0x000001bcedad0000, 0x000001bcefad0000)
 Next Bits: [0x000001bcebad0000, 0x000001bcedad0000)

Polling page: 0x000001bcd63f0000

Metaspace:

Usage:
  Non-class:     54.20 MB capacity,    53.24 MB ( 98%) used,   824.81 KB (  1%) free+waste,   158.13 KB ( <1%) overhead. 
      Class:      8.27 MB capacity,     7.73 MB ( 94%) used,   475.20 KB (  6%) free+waste,    74.31 KB ( <1%) overhead. 
       Both:     62.46 MB capacity,    60.97 MB ( 98%) used,     1.27 MB (  2%) free+waste,   232.44 KB ( <1%) overhead. 

Virtual space:
  Non-class space:       56.00 MB reserved,      54.25 MB ( 97%) committed 
      Class space:        1.00 GB reserved,       8.32 MB ( <1%) committed 
             Both:        1.05 GB reserved,      62.57 MB (  6%) committed 

Chunk freelists:
   Non-Class:  54.00 KB
       Class:  14.00 KB
        Both:  68.00 KB

MaxMetaspaceSize: 17179869184.00 GB
CompressedClassSpaceSize: 1.00 GB

CodeHeap 'non-profiled nmethods': size=120064Kb used=3499Kb max_used=3499Kb free=116565Kb
 bounds [0x000001bce3370000, 0x000001bce36e0000, 0x000001bcea8b0000]
CodeHeap 'profiled nmethods': size=120000Kb used=12927Kb max_used=12927Kb free=107072Kb
 bounds [0x000001bcdbe40000, 0x000001bcdcae0000, 0x000001bce3370000]
CodeHeap 'non-nmethods': size=5696Kb used=2255Kb max_used=2303Kb free=3440Kb
 bounds [0x000001bcdb8b0000, 0x000001bcdbb20000, 0x000001bcdbe40000]
 total_blobs=6939 nmethods=6093 adapters=757
 compilation: enabled
              stopped_count=0, restarted_count=0
 full_count=0

Compilation events (20 events):
Event: 16.405 Thread 0x000001bcf2146800 nmethod 6094 0x000001bcdcacae90 code [0x000001bcdcacb060, 0x000001bcdcacb248]
Event: 16.405 Thread 0x000001bcf2146800 6095       3       org.objectweb.asm.Type::getTypeInternal (199 bytes)
Event: 16.405 Thread 0x000001bcf2146800 nmethod 6095 0x000001bcdcacb390 code [0x000001bcdcacb620, 0x000001bcdcacc408]
Event: 16.405 Thread 0x000001bcf2146800 6096       3       org.objectweb.asm.Frame::push (109 bytes)
Event: 16.406 Thread 0x000001bcf2146800 nmethod 6096 0x000001bcdcacc890 code [0x000001bcdcacca80, 0x000001bcdcaccfe8]
Event: 16.406 Thread 0x000001bcf2146800 6097       1       com.android.build.gradle.internal.dsl.decorator.DslDecorator$ManagedProperty::getSupportedPropertyType (5 bytes)
Event: 16.406 Thread 0x000001bcf2146800 nmethod 6097 0x000001bce36d3790 code [0x000001bce36d3940, 0x000001bce36d39f8]
Event: 16.406 Thread 0x000001bcf2146800 6098       3       org.gradle.internal.instantiation.generator.AbstractClassGenerator$PropertyMetadata::addSetter (41 bytes)
Event: 16.406 Thread 0x000001bcf2146800 nmethod 6098 0x000001bcdcacd190 code [0x000001bcdcacd380, 0x000001bcdcacd858]
Event: 16.424 Thread 0x000001bcf2146800 6100       3       com.sun.proxy.$Proxy16::<init> (6 bytes)
Event: 16.424 Thread 0x000001bcf2146800 nmethod 6100 0x000001bcdcacda10 code [0x000001bcdcacdbe0, 0x000001bcdcacdf68]
Event: 16.424 Thread 0x000001bcf2146800 6101   !   3       com.sun.proxy.$Proxy16::annotationType (29 bytes)
Event: 16.424 Thread 0x000001bcf2146800 nmethod 6101 0x000001bcdcace110 code [0x000001bcdcace300, 0x000001bcdcace6d8]
Event: 16.424 Thread 0x000001bcf2146800 6102   !   3       jdk.internal.reflect.GeneratedConstructorAccessor6::newInstance (53 bytes)
Event: 16.425 Thread 0x000001bcf2146800 nmethod 6102 0x000001bcdcace890 code [0x000001bcdcaceae0, 0x000001bcdcacf348]
Event: 16.432 Thread 0x000001bcf2146800 6104       3       org.gradle.internal.instantiation.generator.AsmBackedClassGenerator$ClassBuilderImpl::applyConventionMappingToSetter (178 bytes)
Event: 16.434 Thread 0x000001bcf2146800 nmethod 6104 0x000001bcdcacf790 code [0x000001bcdcacfb40, 0x000001bcdcad10a8]
Event: 16.489 Thread 0x000001bcf2146800 6105       3       org.gradle.internal.instantiation.generator.AbstractClassGenerator$ExtensibleTypePropertyHandler::applyTo (228 bytes)
Event: 16.490 Thread 0x000001bcf2146800 nmethod 6105 0x000001bcdcad1890 code [0x000001bcdcad1c80, 0x000001bcdcad3938]
Event: 16.493 Thread 0x000001bcf2146800 6106       2       org.gradle.internal.reflect.PropertyAccessorType::takesNoParameter (14 bytes)

GC Heap History (20 events):
Event: 0.761 GC heap before
{Heap before GC invocations=0 (full 0):
 garbage-first heap   total 196608K, used 19456K [0x0000000080000000, 0x0000000100000000)
  region size 1024K, 14 young (14336K), 0 survivors (0K)
 Metaspace       used 6739K, capacity 6921K, committed 7168K, reserved 1056768K
  class space    used 582K, capacity 650K, committed 768K, reserved 1048576K
}
Event: 0.781 GC heap after
{Heap after GC invocations=1 (full 0):
 garbage-first heap   total 196608K, used 7876K [0x0000000080000000, 0x0000000100000000)
  region size 1024K, 2 young (2048K), 2 survivors (2048K)
 Metaspace       used 6739K, capacity 6921K, committed 7168K, reserved 1056768K
  class space    used 582K, capacity 650K, committed 768K, reserved 1048576K
}
Event: 1.341 GC heap before
{Heap before GC invocations=1 (full 0):
 garbage-first heap   total 196608K, used 20164K [0x0000000080000000, 0x0000000100000000)
  region size 1024K, 14 young (14336K), 2 survivors (2048K)
 Metaspace       used 10224K, capacity 10485K, committed 10624K, reserved 1058816K
  class space    used 1064K, capacity 1139K, committed 1152K, reserved 1048576K
}
Event: 1.345 GC heap after
{Heap after GC invocations=2 (full 0):
 garbage-first heap   total 196608K, used 9425K [0x0000000080000000, 0x0000000100000000)
  region size 1024K, 2 young (2048K), 2 survivors (2048K)
 Metaspace       used 10224K, capacity 10485K, committed 10624K, reserved 1058816K
  class space    used 1064K, capacity 1139K, committed 1152K, reserved 1048576K
}
Event: 2.035 GC heap before
{Heap before GC invocations=2 (full 0):
 garbage-first heap   total 196608K, used 40145K [0x0000000080000000, 0x0000000100000000)
  region size 1024K, 32 young (32768K), 2 survivors (2048K)
 Metaspace       used 11167K, capacity 11502K, committed 11776K, reserved 1060864K
  class space    used 1166K, capacity 1243K, committed 1280K, reserved 1048576K
}
Event: 2.038 GC heap after
{Heap after GC invocations=3 (full 0):
 garbage-first heap   total 196608K, used 11588K [0x0000000080000000, 0x0000000100000000)
  region size 1024K, 4 young (4096K), 4 survivors (4096K)
 Metaspace       used 11167K, capacity 11502K, committed 11776K, reserved 1060864K
  class space    used 1166K, capacity 1243K, committed 1280K, reserved 1048576K
}
Event: 4.670 GC heap before
{Heap before GC invocations=3 (full 0):
 garbage-first heap   total 196608K, used 68932K [0x0000000080000000, 0x0000000100000000)
  region size 1024K, 60 young (61440K), 4 survivors (4096K)
 Metaspace       used 19486K, capacity 20022K, committed 20224K, reserved 1067008K
  class space    used 2384K, capacity 2543K, committed 2560K, reserved 1048576K
}
Event: 4.679 GC heap after
{Heap after GC invocations=4 (full 0):
 garbage-first heap   total 196608K, used 16497K [0x0000000080000000, 0x0000000100000000)
  region size 1024K, 8 young (8192K), 8 survivors (8192K)
 Metaspace       used 19486K, capacity 20022K, committed 20224K, reserved 1067008K
  class space    used 2384K, capacity 2543K, committed 2560K, reserved 1048576K
}
Event: 5.008 GC heap before
{Heap before GC invocations=4 (full 0):
 garbage-first heap   total 196608K, used 22641K [0x0000000080000000, 0x0000000100000000)
  region size 1024K, 15 young (15360K), 8 survivors (8192K)
 Metaspace       used 20554K, capacity 21088K, committed 21248K, reserved 1067008K
  class space    used 2504K, capacity 2690K, committed 2816K, reserved 1048576K
}
Event: 5.014 GC heap after
{Heap after GC invocations=5 (full 0):
 garbage-first heap   total 196608K, used 17002K [0x0000000080000000, 0x0000000100000000)
  region size 1024K, 6 young (6144K), 6 survivors (6144K)
 Metaspace       used 20554K, capacity 21088K, committed 21248K, reserved 1067008K
  class space    used 2504K, capacity 2690K, committed 2816K, reserved 1048576K
}
Event: 7.154 GC heap before
{Heap before GC invocations=6 (full 0):
 garbage-first heap   total 196608K, used 69226K [0x0000000080000000, 0x0000000100000000)
  region size 1024K, 57 young (58368K), 6 survivors (6144K)
 Metaspace       used 25779K, capacity 26484K, committed 26752K, reserved 1073152K
  class space    used 3372K, capacity 3600K, committed 3712K, reserved 1048576K
}
Event: 7.162 GC heap after
{Heap after GC invocations=7 (full 0):
 garbage-first heap   total 196608K, used 18977K [0x0000000080000000, 0x0000000100000000)
  region size 1024K, 3 young (3072K), 3 survivors (3072K)
 Metaspace       used 25779K, capacity 26484K, committed 26752K, reserved 1073152K
  class space    used 3372K, capacity 3600K, committed 3712K, reserved 1048576K
}
Event: 9.473 GC heap before
{Heap before GC invocations=7 (full 0):
 garbage-first heap   total 196608K, used 77345K [0x0000000080000000, 0x0000000100000000)
  region size 1024K, 61 young (62464K), 3 survivors (3072K)
 Metaspace       used 35061K, capacity 35822K, committed 35840K, reserved 1081344K
  class space    used 4540K, capacity 4864K, committed 4864K, reserved 1048576K
}
Event: 9.487 GC heap after
{Heap after GC invocations=8 (full 0):
 garbage-first heap   total 196608K, used 21915K [0x0000000080000000, 0x0000000100000000)
  region size 1024K, 6 young (6144K), 6 survivors (6144K)
 Metaspace       used 35061K, capacity 35822K, committed 35840K, reserved 1081344K
  class space    used 4540K, capacity 4864K, committed 4864K, reserved 1048576K
}
Event: 11.597 GC heap before
{Heap before GC invocations=9 (full 0):
 garbage-first heap   total 196608K, used 118171K [0x0000000080000000, 0x0000000100000000)
  region size 1024K, 97 young (99328K), 6 survivors (6144K)
 Metaspace       used 42745K, capacity 43783K, committed 43980K, reserved 1087488K
  class space    used 5438K, capacity 5821K, committed 5836K, reserved 1048576K
}
Event: 11.613 GC heap after
{Heap after GC invocations=10 (full 0):
 garbage-first heap   total 196608K, used 27992K [0x0000000080000000, 0x0000000100000000)
  region size 1024K, 12 young (12288K), 12 survivors (12288K)
 Metaspace       used 42745K, capacity 43783K, committed 43980K, reserved 1087488K
  class space    used 5438K, capacity 5821K, committed 5836K, reserved 1048576K
}
Event: 14.593 GC heap before
{Heap before GC invocations=10 (full 0):
 garbage-first heap   total 196608K, used 131416K [0x0000000080000000, 0x0000000100000000)
  region size 1024K, 105 young (107520K), 12 survivors (12288K)
 Metaspace       used 48017K, capacity 49266K, committed 49356K, reserved 1091584K
  class space    used 6125K, capacity 6562K, committed 6604K, reserved 1048576K
}
Event: 14.615 GC heap after
{Heap after GC invocations=11 (full 0):
 garbage-first heap   total 196608K, used 47210K [0x0000000080000000, 0x0000000100000000)
  region size 1024K, 14 young (14336K), 14 survivors (14336K)
 Metaspace       used 48017K, capacity 49266K, committed 49356K, reserved 1091584K
  class space    used 6125K, capacity 6562K, committed 6604K, reserved 1048576K
}
Event: 15.784 GC heap before
{Heap before GC invocations=11 (full 0):
 garbage-first heap   total 196608K, used 118890K [0x0000000080000000, 0x0000000100000000)
  region size 1024K, 85 young (87040K), 14 survivors (14336K)
 Metaspace       used 58690K, capacity 60147K, committed 60236K, reserved 1101824K
  class space    used 7432K, capacity 7970K, committed 8012K, reserved 1048576K
}
Event: 15.811 GC heap after
{Heap after GC invocations=12 (full 0):
 garbage-first heap   total 196608K, used 51507K [0x0000000080000000, 0x0000000100000000)
  region size 1024K, 4 young (4096K), 4 survivors (4096K)
 Metaspace       used 58690K, capacity 60147K, committed 60236K, reserved 1101824K
  class space    used 7432K, capacity 7970K, committed 8012K, reserved 1048576K
}

Deoptimization events (20 events):
Event: 16.015 Thread 0x000001bcf4ee2800 DEOPT PACKING pc=0x000001bcdca5a25d sp=0x00000079a47f3e70
Event: 16.015 Thread 0x000001bcf4ee2800 DEOPT UNPACKING pc=0x000001bcdb8d76ce sp=0x00000079a47f3328 mode 0
Event: 16.015 Thread 0x000001bcf4ee2800 DEOPT PACKING pc=0x000001bcdca5a25d sp=0x00000079a47f3e70
Event: 16.015 Thread 0x000001bcf4ee2800 DEOPT UNPACKING pc=0x000001bcdb8d76ce sp=0x00000079a47f3328 mode 0
Event: 16.015 Thread 0x000001bcf4ee2800 DEOPT PACKING pc=0x000001bcdca5a25d sp=0x00000079a47f3e70
Event: 16.015 Thread 0x000001bcf4ee2800 DEOPT UNPACKING pc=0x000001bcdb8d76ce sp=0x00000079a47f3328 mode 0
Event: 16.016 Thread 0x000001bcf4ee2800 DEOPT PACKING pc=0x000001bcdca5a25d sp=0x00000079a47f3e70
Event: 16.016 Thread 0x000001bcf4ee2800 DEOPT UNPACKING pc=0x000001bcdb8d76ce sp=0x00000079a47f3328 mode 0
Event: 16.016 Thread 0x000001bcf4ee2800 DEOPT PACKING pc=0x000001bcdca5a25d sp=0x00000079a47f3e70
Event: 16.016 Thread 0x000001bcf4ee2800 DEOPT UNPACKING pc=0x000001bcdb8d76ce sp=0x00000079a47f3328 mode 0
Event: 16.016 Thread 0x000001bcf4ee2800 DEOPT PACKING pc=0x000001bcdca5a25d sp=0x00000079a47f3e70
Event: 16.016 Thread 0x000001bcf4ee2800 DEOPT UNPACKING pc=0x000001bcdb8d76ce sp=0x00000079a47f3328 mode 0
Event: 16.017 Thread 0x000001bcf4ee2800 DEOPT PACKING pc=0x000001bcdca5a25d sp=0x00000079a47f3e70
Event: 16.017 Thread 0x000001bcf4ee2800 DEOPT UNPACKING pc=0x000001bcdb8d76ce sp=0x00000079a47f3328 mode 0
Event: 16.017 Thread 0x000001bcf4ee2800 DEOPT PACKING pc=0x000001bcdca5a25d sp=0x00000079a47f3e70
Event: 16.017 Thread 0x000001bcf4ee2800 DEOPT UNPACKING pc=0x000001bcdb8d76ce sp=0x00000079a47f3328 mode 0
Event: 16.493 Thread 0x000001bcf4ee2800 Uncommon trap: trap_request=0xffffff4d fr.pc=0x000001bce364c41c relative=0x000000000000033c
Event: 16.493 Thread 0x000001bcf4ee2800 Uncommon trap: reason=unstable_if action=reinterpret pc=0x000001bce364c41c method=org.gradle.internal.reflect.PropertyAccessorType.of(Ljava/lang/reflect/Method;)Lorg/gradle/internal/reflect/PropertyAccessorType; @ 56 c2
Event: 16.493 Thread 0x000001bcf4ee2800 DEOPT PACKING pc=0x000001bce364c41c sp=0x00000079a47f79e0
Event: 16.493 Thread 0x000001bcf4ee2800 DEOPT UNPACKING pc=0x000001bcdb8d78af sp=0x00000079a47f79a0 mode 2

Classes redefined (0 events):
No events

Internal exceptions (20 events):
Event: 14.509 Thread 0x000001bcf4ee6000 Exception <a 'java/lang/NoSuchMethodError'{0x00000000866a2d88}: <clinit>> (0x00000000866a2d88) thrown at [./src/hotspot/share/prims/jni.cpp, line 1362]
Event: 14.512 Thread 0x000001bcf4ee6000 Exception <a 'java/lang/NoSuchMethodError'{0x00000000866b6658}: <clinit>> (0x00000000866b6658) thrown at [./src/hotspot/share/prims/jni.cpp, line 1362]
Event: 14.526 Thread 0x000001bcf4ee2800 Exception <a 'java/lang/ClassNotFoundException'{0x000000008650ee00}: build_39a7gfba3ktwti7zrgtj63c6sBeanInfo> (0x000000008650ee00) thrown at [./src/hotspot/share/classfile/systemDictionary.cpp, line 231]
Event: 14.527 Thread 0x000001bcf4ee2800 Exception <a 'java/lang/ClassNotFoundException'{0x0000000086519d28}: build_39a7gfba3ktwti7zrgtj63c6sCustomizer> (0x0000000086519d28) thrown at [./src/hotspot/share/classfile/systemDictionary.cpp, line 231]
Event: 14.549 Thread 0x000001bcf4ee2800 Exception <a 'java/lang/ClassNotFoundException'{0x000000008659a130}: org/gradle/plugin/use/internal/PluginRequestCollector$PluginDependenciesSpecImplBeanInfo> (0x000000008659a130) thrown at [./src/hotspot/share/classfile/systemDictionary.cpp, line 231]
Event: 14.550 Thread 0x000001bcf4ee2800 Exception <a 'java/lang/ClassNotFoundException'{0x00000000865c7fe0}: org/gradle/plugin/use/internal/PluginRequestCollector$PluginDependenciesSpecImplCustomizer> (0x00000000865c7fe0) thrown at [./src/hotspot/share/classfile/systemDictionary.cpp, line 231]
Event: 14.624 Thread 0x000001bcf4ee2800 Exception <a 'java/lang/ClassNotFoundException'{0x000000008bfc5028}: org/gradle/api/internal/plugins/DefaultObjectConfigurationActionBeanInfo> (0x000000008bfc5028) thrown at [./src/hotspot/share/classfile/systemDictionary.cpp, line 231]
Event: 14.625 Thread 0x000001bcf4ee2800 Exception <a 'java/lang/ClassNotFoundException'{0x000000008bff9a00}: org/gradle/api/internal/plugins/DefaultObjectConfigurationActionCustomizer> (0x000000008bff9a00) thrown at [./src/hotspot/share/classfile/systemDictionary.cpp, line 231]
Event: 14.792 Thread 0x000001bcf4ee2800 Exception <a 'java/lang/NoSuchMethodError'{0x000000008b5d8198}: 'java.lang.Object java.lang.invoke.DirectMethodHandle$Holder.invokeStatic(java.lang.Object, java.lang.Object, java.lang.Object, java.lang.Object, int)'> (0x000000008b5d8198) thrown at [./src/hotspot/share/interpreter/linkResolver.cpp, line 773]
Event: 14.793 Thread 0x000001bcf4ee2800 Exception <a 'java/lang/NoSuchMethodError'{0x000000008b5dcb90}: 'java.lang.Object java.lang.invoke.DirectMethodHandle$Holder.invokeSpecial(java.lang.Object, java.lang.Object, java.lang.Object, java.lang.Object, java.lang.Object, int)'> (0x000000008b5dcb90) thrown at [./src/hotspot/share/interpreter/linkResolver.cpp, line 773]
Event: 14.793 Thread 0x000001bcf4ee2800 Exception <a 'java/lang/NoSuchMethodError'{0x000000008b5e11d0}: 'java.lang.Object java.lang.invoke.Invokers$Holder.linkToTargetMethod(java.lang.Object, java.lang.Object, java.lang.Object, int, java.lang.Object)'> (0x000000008b5e11d0) thrown at [./src/hotspot/share/interpreter/linkResolver.cpp, line 773]
Event: 15.011 Thread 0x000001bcf4ee2800 Exception <a 'java/lang/NoSuchMethodError'{0x000000008a683160}: 'java.lang.Object java.lang.invoke.DirectMethodHandle$Holder.invokeSpecial(java.lang.Object, java.lang.Object, int, int, java.lang.Object, java.lang.Object, java.lang.Object)'> (0x000000008a683160) thrown at [./src/hotspot/share/interpreter/linkResolver.cpp, line 773]
Event: 15.011 Thread 0x000001bcf4ee2800 Exception <a 'java/lang/NoSuchMethodError'{0x000000008a6876e0}: 'java.lang.Object java.lang.invoke.DelegatingMethodHandle$Holder.reinvoke_L(java.lang.Object, int, int, java.lang.Object, java.lang.Object, java.lang.Object)'> (0x000000008a6876e0) thrown at [./src/hotspot/share/interpreter/linkResolver.cpp, line 773]
Event: 15.190 Thread 0x000001bcf4ee2800 Exception <a 'java/lang/NoSuchMethodError'{0x0000000089a69af8}: 'int java.lang.invoke.DirectMethodHandle$Holder.invokeInterface(java.lang.Object, java.lang.Object, java.lang.Object, java.lang.Object)'> (0x0000000089a69af8) thrown at [./src/hotspot/share/interpreter/linkResolver.cpp, line 773]
Event: 15.430 Thread 0x000001bcf4ee2800 Exception <a 'java/lang/NoSuchMethodError'{0x0000000088a43720}: 'void java.lang.invoke.DirectMethodHandle$Holder.invokeInterface(java.lang.Object, java.lang.Object, java.lang.Object, java.lang.Object)'> (0x0000000088a43720) thrown at [./src/hotspot/share/interpreter/linkResolver.cpp, line 773]
Event: 15.588 Thread 0x000001bcf4ee2800 Exception <a 'java/lang/IncompatibleClassChangeError'{0x000000008827b280}: Found class java.lang.Object, but interface was expected> (0x000000008827b280) thrown at [./src/hotspot/share/interpreter/linkResolver.cpp, line 839]
Event: 15.669 Thread 0x000001bcf4ee2800 Implicit null exception at 0x000001bce3655154 to 0x000001bce3655338
Event: 15.669 Thread 0x000001bcf4ee2800 Implicit null exception at 0x000001bce3654539 to 0x000001bce365461c
Event: 15.763 Thread 0x000001bcf4ee2800 Implicit null exception at 0x000001bce364dc2d to 0x000001bce364def0
Event: 16.079 Thread 0x000001bcf4ee2800 Exception <a 'sun/nio/fs/WindowsException'{0x000000008b28cf78}> (0x000000008b28cf78) thrown at [./src/hotspot/share/prims/jni.cpp, line 615]

Events (20 events):
Event: 16.485 loading class com/android/build/gradle/internal/ide/v2/NativeModelBuilder$scopes$2
Event: 16.485 loading class com/android/build/gradle/internal/ide/v2/NativeModelBuilder$scopes$2 done
Event: 16.485 loading class com/android/build/gradle/internal/ide/v2/NativeModelBuilder$configurationModels$2
Event: 16.485 loading class com/android/build/gradle/internal/ide/v2/NativeModelBuilder$configurationModels$2 done
Event: 16.487 loading class com/android/builder/signing/DefaultSigningConfig$Companion
Event: 16.487 loading class com/android/builder/signing/DefaultSigningConfig$Companion done
Event: 16.490 loading class java/security/KeyStore
Event: 16.491 loading class java/security/KeyStore done
Event: 16.491 loading class java/security/KeyStore$1
Event: 16.491 loading class java/security/KeyStore$1 done
Event: 16.492 loading class com/android/build/api/dsl/PostProcessing
Event: 16.492 loading class com/android/build/api/dsl/PostProcessing done
Event: 16.492 loading class com/android/build/gradle/internal/dsl/PostProcessingBlock
Event: 16.492 loading class com/android/build/gradle/internal/dsl/PostProcessingBlock done
Event: 16.492 loading class com/android/build/gradle/internal/ProguardFilesProvider
Event: 16.492 loading class com/android/build/gradle/internal/ProguardFilesProvider done
Event: 16.493 loading class com/android/build/gradle/internal/dsl/BuildType$PostProcessingConfiguration
Event: 16.493 loading class com/android/build/gradle/internal/dsl/BuildType$PostProcessingConfiguration done
Event: 16.493 loading class com/android/build/gradle/internal/dsl/BuildType$Companion
Event: 16.493 loading class com/android/build/gradle/internal/dsl/BuildType$Companion done


Dynamic libraries:
0x00007ff6cbbc0000 - 0x00007ff6cbbca000 	C:\Program Files\Android\Android Studio\jre\bin\java.exe
0x00007fff5e9f0000 - 0x00007fff5ebe5000 	C:\Windows\SYSTEM32\ntdll.dll
0x00007fff5d350000 - 0x00007fff5d40e000 	C:\Windows\System32\KERNEL32.DLL
0x00007fff5c670000 - 0x00007fff5c938000 	C:\Windows\System32\KERNELBASE.dll
0x00007fff5c940000 - 0x00007fff5ca40000 	C:\Windows\System32\ucrtbase.dll
0x00007fff31090000 - 0x00007fff310a7000 	C:\Program Files\Android\Android Studio\jre\bin\VCRUNTIME140.dll
0x00007fff25440000 - 0x00007fff25459000 	C:\Program Files\Android\Android Studio\jre\bin\jli.dll
0x00007fff5de50000 - 0x00007fff5dff1000 	C:\Windows\System32\USER32.dll
0x00007fff37dd0000 - 0x00007fff3806a000 	C:\Windows\WinSxS\amd64_microsoft.windows.common-controls_6595b64144ccf1df_6.0.19041.1110_none_60b5254171f9507e\COMCTL32.dll
0x00007fff5c640000 - 0x00007fff5c662000 	C:\Windows\System32\win32u.dll
0x00007fff5e2e0000 - 0x00007fff5e37e000 	C:\Windows\System32\msvcrt.dll
0x00007fff5e0a0000 - 0x00007fff5e0cb000 	C:\Windows\System32\GDI32.dll
0x00007fff5c2d0000 - 0x00007fff5c3db000 	C:\Windows\System32\gdi32full.dll
0x00007fff5c440000 - 0x00007fff5c4dd000 	C:\Windows\System32\msvcp_win.dll
0x00007fff5e000000 - 0x00007fff5e030000 	C:\Windows\System32\IMM32.DLL
0x00007fff14c40000 - 0x00007fff14cdd000 	C:\Program Files\Android\Android Studio\jre\bin\msvcp140.dll
0x00007ffef1e00000 - 0x00007ffef28cf000 	C:\Program Files\Android\Android Studio\jre\bin\server\jvm.dll
0x00007fff5db50000 - 0x00007fff5dbfc000 	C:\Windows\System32\ADVAPI32.dll
0x00007fff5e910000 - 0x00007fff5e9ab000 	C:\Windows\System32\sechost.dll
0x00007fff5e7c0000 - 0x00007fff5e8ea000 	C:\Windows\System32\RPCRT4.dll
0x00007fff5e090000 - 0x00007fff5e098000 	C:\Windows\System32\PSAPI.DLL
0x00007fff52390000 - 0x00007fff52399000 	C:\Windows\SYSTEM32\WSOCK32.dll
0x00007fff49c90000 - 0x00007fff49cb7000 	C:\Windows\SYSTEM32\WINMM.dll
0x00007fff5e3f0000 - 0x00007fff5e45b000 	C:\Windows\System32\WS2_32.dll
0x00007fff543b0000 - 0x00007fff543ba000 	C:\Windows\SYSTEM32\VERSION.dll
0x00007fff5a9b0000 - 0x00007fff5a9c2000 	C:\Windows\SYSTEM32\kernel.appcore.dll
0x00007fff522e0000 - 0x00007fff522f1000 	C:\Program Files\Android\Android Studio\jre\bin\verify.dll
0x00007fff4b1f0000 - 0x00007fff4b3d4000 	C:\Windows\SYSTEM32\DBGHELP.DLL
0x00007fff4afa0000 - 0x00007fff4afcc000 	C:\Windows\SYSTEM32\dbgcore.DLL
0x00007fff5c1c0000 - 0x00007fff5c243000 	C:\Windows\System32\bcryptPrimitives.dll
0x00007fff31ee0000 - 0x00007fff31f09000 	C:\Program Files\Android\Android Studio\jre\bin\java.dll
0x00007fff52a60000 - 0x00007fff52a6b000 	C:\Program Files\Android\Android Studio\jre\bin\jimage.dll
0x00007fff52260000 - 0x00007fff52278000 	C:\Program Files\Android\Android Studio\jre\bin\zip.dll
0x00007fff5d410000 - 0x00007fff5db4f000 	C:\Windows\System32\SHELL32.dll
0x00007fff5a210000 - 0x00007fff5a9a0000 	C:\Windows\SYSTEM32\windows.storage.dll
0x00007fff5e460000 - 0x00007fff5e7b5000 	C:\Windows\System32\combase.dll
0x00007fff5baf0000 - 0x00007fff5bb1e000 	C:\Windows\SYSTEM32\Wldp.dll
0x00007fff5dd20000 - 0x00007fff5ddcd000 	C:\Windows\System32\SHCORE.dll
0x00007fff5d2f0000 - 0x00007fff5d345000 	C:\Windows\System32\shlwapi.dll
0x00007fff5c050000 - 0x00007fff5c06f000 	C:\Windows\SYSTEM32\profapi.dll
0x00007fff3f590000 - 0x00007fff3f5aa000 	C:\Program Files\Android\Android Studio\jre\bin\net.dll
0x00007fff52690000 - 0x00007fff5279c000 	C:\Windows\SYSTEM32\WINHTTP.dll
0x00007fff5b7f0000 - 0x00007fff5b85a000 	C:\Windows\system32\mswsock.dll
0x00007fff3bae0000 - 0x00007fff3baf4000 	C:\Program Files\Android\Android Studio\jre\bin\nio.dll
0x00007fff506c0000 - 0x00007fff506e7000 	C:\Users\henry\.gradle\native\8bec1ad78214c89d9ad589b4d07fe93259594b29d510b10fafb7a158f7737e5d\windows-amd64\native-platform.dll
0x00007fff21d80000 - 0x00007fff21ebd000 	C:\Users\henry\.gradle\native\53dbd7edfb1c66fb8903c78663c9afc45aea4f116125fa6feffd364cf09443e8\windows-amd64\native-platform-file-events.dll
0x00007fff4d580000 - 0x00007fff4d58a000 	C:\Program Files\Android\Android Studio\jre\bin\management.dll
0x00007fff3c7c0000 - 0x00007fff3c7cc000 	C:\Program Files\Android\Android Studio\jre\bin\management_ext.dll
0x00007fff5ba50000 - 0x00007fff5ba68000 	C:\Windows\SYSTEM32\CRYPTSP.dll
0x00007fff5b170000 - 0x00007fff5b1a4000 	C:\Windows\system32\rsaenh.dll
0x00007fff5c2a0000 - 0x00007fff5c2c7000 	C:\Windows\System32\bcrypt.dll
0x00007fff5c010000 - 0x00007fff5c03e000 	C:\Windows\SYSTEM32\USERENV.dll
0x00007fff5ba40000 - 0x00007fff5ba4c000 	C:\Windows\SYSTEM32\CRYPTBASE.dll
0x00007fff5b4e0000 - 0x00007fff5b51b000 	C:\Windows\SYSTEM32\IPHLPAPI.DLL
0x00007fff5e3e0000 - 0x00007fff5e3e8000 	C:\Windows\System32\NSI.dll
0x00007fff55290000 - 0x00007fff552a7000 	C:\Windows\SYSTEM32\dhcpcsvc6.DLL
0x00007fff557e0000 - 0x00007fff557fd000 	C:\Windows\SYSTEM32\dhcpcsvc.DLL
0x00007fff5b520000 - 0x00007fff5b5eb000 	C:\Windows\SYSTEM32\DNSAPI.dll

dbghelp: loaded successfully - version: 4.0.5 - missing functions: none
symbol engine: initialized successfully - sym options: 0x614 - pdb path: .;C:\Program Files\Android\Android Studio\jre\bin;C:\Windows\SYSTEM32;C:\Windows\WinSxS\amd64_microsoft.windows.common-controls_6595b64144ccf1df_6.0.19041.1110_none_60b5254171f9507e;C:\Program Files\Android\Android Studio\jre\bin\server;C:\Users\henry\.gradle\native\8bec1ad78214c89d9ad589b4d07fe93259594b29d510b10fafb7a158f7737e5d\windows-amd64;C:\Users\henry\.gradle\native\53dbd7edfb1c66fb8903c78663c9afc45aea4f116125fa6feffd364cf09443e8\windows-amd64

VM Arguments:
jvm_args: --add-opens=java.base/java.util=ALL-UNNAMED --add-opens=java.base/java.lang=ALL-UNNAMED --add-opens=java.base/java.lang.invoke=ALL-UNNAMED --add-opens=java.base/java.util=ALL-UNNAMED --add-opens=java.prefs/java.util.prefs=ALL-UNNAMED --add-opens=java.prefs/java.util.prefs=ALL-UNNAMED --add-opens=java.base/java.nio.charset=ALL-UNNAMED --add-opens=java.base/java.net=ALL-UNNAMED --add-opens=java.base/java.util.concurrent.atomic=ALL-UNNAMED -Xmx2048m -Dfile.encoding=UTF-8 -Duser.country=ES -Duser.language=es -Duser.variant 
java_command: org.gradle.launcher.daemon.bootstrap.GradleDaemon 7.0.2
java_class_path (initial): C:\Users\henry\.gradle\wrapper\dists\gradle-7.0.2-bin\857tjihv64xamwrf0h14cai3r\gradle-7.0.2\lib\gradle-launcher-7.0.2.jar
Launcher Type: SUN_STANDARD

[Global flags]
     intx CICompilerCount                          = 3                                         {product} {ergonomic}
     uint ConcGCThreads                            = 1                                         {product} {ergonomic}
     uint G1ConcRefinementThreads                  = 4                                         {product} {ergonomic}
   size_t G1HeapRegionSize                         = 1048576                                   {product} {ergonomic}
    uintx GCDrainStackTargetSize                   = 64                                        {product} {ergonomic}
   size_t InitialHeapSize                          = 201326592                                 {product} {ergonomic}
   size_t MarkStackSize                            = 4194304                                   {product} {ergonomic}
   size_t MaxHeapSize                              = 2147483648                                {product} {command line}
   size_t MaxNewSize                               = 1287651328                                {product} {ergonomic}
   size_t MinHeapDeltaBytes                        = 1048576                                   {product} {ergonomic}
    uintx NonNMethodCodeHeapSize                   = 5830732                                {pd product} {ergonomic}
    uintx NonProfiledCodeHeapSize                  = 122913754                              {pd product} {ergonomic}
    uintx ProfiledCodeHeapSize                     = 122913754                              {pd product} {ergonomic}
    uintx ReservedCodeCacheSize                    = 251658240                              {pd product} {ergonomic}
     bool SegmentedCodeCache                       = true                                      {product} {ergonomic}
     bool UseCompressedClassPointers               = true                                 {lp64_product} {ergonomic}
     bool UseCompressedOops                        = true                                 {lp64_product} {ergonomic}
     bool UseG1GC                                  = true                                      {product} {ergonomic}
     bool UseLargePagesIndividualAllocation        = false                                  {pd product} {ergonomic}

Logging:
Log output configuration:
 #0: stdout all=warning uptime,level,tags
 #1: stderr all=off uptime,level,tags

Environment Variables:
PATH=C:\Program Files\Common Files\Oracle\Java\javapath;C:\Windows\system32;C:\Windows;C:\Windows\System32\Wbem;C:\Windows\System32\WindowsPowerShell\v1.0\;C:\Windows\System32\OpenSSH\;C:\Windows\system32\config\systemprofile\.dnx\bin;C:\Program Files\Microsoft DNX\Dnvm\;C:\Program Files\Git\cmd;C:\Program Files\Microsoft SQL Server\Client SDK\ODBC\170\Tools\Binn\;C:\Program Files (x86)\Microsoft SQL Server\150\Tools\Binn\;C:\Program Files\Microsoft SQL Server\150\Tools\Binn\;C:\Program Files\Microsoft SQL Server\150\DTS\Binn\;C:\Program Files (x86)\Microsoft SQL Server\150\DTS\Binn\;C:\Program Files\Azure Data Studio\bin;C:\Users\henry\AppData\Local\Microsoft\WindowsApps;C:\Program Files\Azure Data Studio\bin;C:\Users\henry\AppData\Local\atom\bin;C:\Users\henry\AppData\Local\Programs\Microsoft VS Code\bin
USERNAME=henry
OS=Windows_NT
PROCESSOR_IDENTIFIER=Intel64 Family 6 Model 60 Stepping 3, GenuineIntel



---------------  S Y S T E M  ---------------

OS: Windows 10 , 64 bit Build 19041 (10.0.19041.1348)
OS uptime: 3 days 22:48 hours

CPU:total 4 (initial active 4) (2 cores per cpu, 2 threads per core) family 6 model 60 stepping 3 microcode 0x27, cmov, cx8, fxsr, mmx, sse, sse2, sse3, ssse3, sse4.1, sse4.2, popcnt, avx, avx2, aes, clmul, erms, lzcnt, ht, tsc, tscinvbit, bmi1, bmi2, fma

Memory: 4k page, system-wide physical 12170M (3493M free)
TotalPageFile size 15114M (AvailPageFile size 4175M)
current process WorkingSet (physical memory assigned to process): 365M, peak: 366M
current process commit charge ("private bytes"): 419M, peak: 421M

vm_info: OpenJDK 64-Bit Server VM (11.0.10+0-b96-7249189) for windows-amd64 JRE (11.0.10+0-b96-7249189), built on Mar 31 2021 21:44:00 by "builder" with MS VC++ 14.0 (VS2015)

END.
